<?xml version="1.0" encoding="UTF-8"?>
<testng-results skipped="0" failed="0" total="2" passed="2">
  <reporter-output>
  </reporter-output>
  <suite name="com.wikia.framework.tests.TestLogin" duration-ms="76043" started-at="2014-07-28T07:28:52Z" finished-at="2014-07-28T07:30:08Z">
    <groups>
    </groups>
    <test name="Command line test" duration-ms="76043" started-at="2014-07-28T07:28:52Z" finished-at="2014-07-28T07:30:08Z">
      <class name="com.wikia.framework.tests.TestLogin">
        <test-method status="PASS" signature="SetUp()" name="SetUp" is-config="true" duration-ms="9989" started-at="2014-07-28T07:28:52Z" finished-at="2014-07-28T07:29:02Z">
        </test-method>
        <test-method status="PASS" signature="TestAddVideoVerifyAdded()" name="TestAddVideoVerifyAdded" duration-ms="33863" started-at="2014-07-28T07:29:02Z" finished-at="2014-07-28T07:29:36Z">
        </test-method>
        <test-method status="PASS" signature="TearDown()" name="TearDown" is-config="true" duration-ms="296" started-at="2014-07-28T07:29:36Z" finished-at="2014-07-28T07:29:36Z">
        </test-method>
        <test-method status="PASS" signature="SetUp()" name="SetUp" is-config="true" duration-ms="7307" started-at="2014-07-28T07:29:36Z" finished-at="2014-07-28T07:29:43Z">
        </test-method>
        <test-method status="PASS" signature="TestLoginVerifyLoggedIn()" name="TestLoginVerifyLoggedIn" duration-ms="24269" started-at="2014-07-28T07:29:43Z" finished-at="2014-07-28T07:30:08Z">
        </test-method>
        <test-method status="PASS" signature="TearDown()" name="TearDown" is-config="true" duration-ms="302" started-at="2014-07-28T07:30:08Z" finished-at="2014-07-28T07:30:08Z">
        </test-method>
      </class>
    </test>
  </suite>
</testng-results>
